<?xml version="1.0" encoding="UTF-8"?>
<!-- Generated by org.testng.reporters.JUnitReportReporter -->
<testsuite hostname="Shruti" name="com.test.automation.uiAutomation.addToCart.TC005_VerifyAddToCart" tests="1" failures="0" timestamp="4 Sep 2017 15:23:42 GMT" time="38.476" errors="0">
  <testcase name="verifyAddToCart" time="38.476" classname="com.test.automation.uiAutomation.addToCart.TC005_VerifyAddToCart"/>
</testsuite>
