<?xml version="1.0" encoding="UTF-8"?>
<!-- Generated by org.testng.reporters.JUnitReportReporter -->
<testsuite hostname="Shruti" name="com.test.automation.uiAutomation.registrationPage.TC002_SignUpPage" tests="1" failures="0" timestamp="20 Aug 2017 10:07:57 GMT" time="9.756" errors="0">
  <testcase name="signUpPage" time="9.756" classname="com.test.automation.uiAutomation.registrationPage.TC002_SignUpPage"/>
</testsuite>
