<?xml version="1.0" encoding="UTF-8"?>
<!-- Generated by org.testng.reporters.JUnitReportReporter -->
<testsuite hostname="Shruti" name="com.test.automation.uiAutomation.registrationPage.TC003_VerifyLoginWithDifferentData" tests="4" failures="2" timestamp="30 Aug 2017 17:28:13 GMT" time="14.388" errors="0">
  <testcase name="verifyLoginData" time="0.001" classname="com.test.automation.uiAutomation.registrationPage.TC003_VerifyLoginWithDifferentData">
    <failure type="org.testng.SkipException" message="user marked this record as no run">
      <![CDATA[org.testng.SkipException: user marked this record as no run
	at com.test.automation.uiAutomation.registrationPage.TC003_VerifyLoginWithDifferentData.verifyLoginData(TC003_VerifyLoginWithDifferentData.java:34)
	at sun.reflect.NativeMethodAccessorImpl.invoke0(Native Method)
	at sun.reflect.NativeMethodAccessorImpl.invoke(NativeMethodAccessorImpl.java:62)
	at sun.reflect.DelegatingMethodAccessorImpl.invoke(DelegatingMethodAccessorImpl.java:43)
	at java.lang.reflect.Method.invoke(Method.java:498)
	at org.testng.internal.MethodInvocationHelper.invokeMethod(MethodInvocationHelper.java:80)
	at org.testng.internal.Invoker.invokeMethod(Invoker.java:673)
	at org.testng.internal.Invoker.invokeTestMethod(Invoker.java:842)
	at org.testng.internal.Invoker.invokeTestMethods(Invoker.java:1166)
	at org.testng.internal.TestMethodWorker.invokeTestMethods(TestMethodWorker.java:125)
	at org.testng.internal.TestMethodWorker.run(TestMethodWorker.java:109)
	at java.util.concurrent.ThreadPoolExecutor.runWorker(ThreadPoolExecutor.java:1142)
	at java.util.concurrent.ThreadPoolExecutor$Worker.run(ThreadPoolExecutor.java:617)
	at java.lang.Thread.run(Thread.java:745)
]]>
    </failure>
  </testcase>
  <testcase name="verifyLoginData" time="0.001" classname="com.test.automation.uiAutomation.registrationPage.TC003_VerifyLoginWithDifferentData">
    <failure type="org.testng.SkipException" message="user marked this record as no run">
      <![CDATA[org.testng.SkipException: user marked this record as no run
	at com.test.automation.uiAutomation.registrationPage.TC003_VerifyLoginWithDifferentData.verifyLoginData(TC003_VerifyLoginWithDifferentData.java:34)
	at sun.reflect.NativeMethodAccessorImpl.invoke0(Native Method)
	at sun.reflect.NativeMethodAccessorImpl.invoke(NativeMethodAccessorImpl.java:62)
	at sun.reflect.DelegatingMethodAccessorImpl.invoke(DelegatingMethodAccessorImpl.java:43)
	at java.lang.reflect.Method.invoke(Method.java:498)
	at org.testng.internal.MethodInvocationHelper.invokeMethod(MethodInvocationHelper.java:80)
	at org.testng.internal.Invoker.invokeMethod(Invoker.java:673)
	at org.testng.internal.Invoker.invokeTestMethod(Invoker.java:842)
	at org.testng.internal.Invoker.invokeTestMethods(Invoker.java:1166)
	at org.testng.internal.TestMethodWorker.invokeTestMethods(TestMethodWorker.java:125)
	at org.testng.internal.TestMethodWorker.run(TestMethodWorker.java:109)
	at java.util.concurrent.ThreadPoolExecutor.runWorker(ThreadPoolExecutor.java:1142)
	at java.util.concurrent.ThreadPoolExecutor$Worker.run(ThreadPoolExecutor.java:617)
	at java.lang.Thread.run(Thread.java:745)
]]>
    </failure>
  </testcase>
  <testcase name="verifyLoginData" time="7.535" classname="com.test.automation.uiAutomation.registrationPage.TC003_VerifyLoginWithDifferentData"/>
  <testcase name="verifyLoginData" time="6.851" classname="com.test.automation.uiAutomation.registrationPage.TC003_VerifyLoginWithDifferentData"/>
</testsuite>
