<?xml version="1.0" encoding="UTF-8"?>
<!-- Generated by org.testng.reporters.JUnitReportReporter -->
<testsuite hostname="Shruti" name="com.test.automation.uiAutomation.homepage.TC001_VerifyLoginWithInvalidCredentials" tests="1" failures="0" timestamp="17 Aug 2017 16:32:29 GMT" time="4.457" errors="0">
  <testcase name="verifyLoginWithInvalidCredentials" time="4.457" classname="com.test.automation.uiAutomation.homepage.TC001_VerifyLoginWithInvalidCredentials"/>
</testsuite>
